0 info it worked if it ends with ok
1 verbose cli [ 'node', '/usr/local/bin/npm', 'install', 'bower', '-g', 'bower' ]
2 info using npm@2.11.3
3 info using node@v0.12.7
4 verbose install initial load of /usr/local/lib/package.json
5 verbose readDependencies loading dependencies from /usr/local/lib/package.json
6 silly cache add args [ 'bower', null ]
7 verbose cache add spec bower
8 silly cache add args [ 'bower', null ]
9 verbose cache add spec bower
10 silly cache add parsed spec { raw: 'bower',
10 silly cache add   scope: null,
10 silly cache add   name: 'bower',
10 silly cache add   rawSpec: '',
10 silly cache add   spec: '*',
10 silly cache add   type: 'range' }
11 silly addNamed bower@*
12 verbose addNamed "*" is a valid semver range for bower
13 silly addNameRange { name: 'bower', range: '*', hasData: false }
14 silly mapToRegistry name bower
15 silly mapToRegistry using default registry
16 silly mapToRegistry registry https://registry.npmjs.org/
17 silly mapToRegistry uri https://registry.npmjs.org/bower
18 verbose addNameRange registry:https://registry.npmjs.org/bower not in flight; fetching
19 silly cache add parsed spec { raw: 'bower',
19 silly cache add   scope: null,
19 silly cache add   name: 'bower',
19 silly cache add   rawSpec: '',
19 silly cache add   spec: '*',
19 silly cache add   type: 'range' }
20 silly addNamed bower@*
21 verbose addNamed "*" is a valid semver range for bower
22 silly addNameRange { name: 'bower', range: '*', hasData: false }
23 silly mapToRegistry name bower
24 silly mapToRegistry using default registry
25 silly mapToRegistry registry https://registry.npmjs.org/
26 silly mapToRegistry uri https://registry.npmjs.org/bower
27 verbose addNameRange registry:https://registry.npmjs.org/bower already in flight; waiting
28 verbose request uri https://registry.npmjs.org/bower
29 verbose request no auth needed
30 info attempt registry request try #1 at 1:04:01 PM
31 verbose request id 22e1fe82779af5d0
32 http request GET https://registry.npmjs.org/bower
33 http 200 https://registry.npmjs.org/bower
34 silly get cb [ 200,
34 silly get   { server: 'CouchDB/1.5.0 (Erlang OTP/R16B03)',
34 silly get     etag: '"17A41ATN9M5DR18NSM0MYMGQE"',
34 silly get     'content-type': 'application/json',
34 silly get     'cache-control': 'max-age=60',
34 silly get     'content-length': '113059',
34 silly get     'accept-ranges': 'bytes',
34 silly get     date: 'Tue, 11 Aug 2015 12:04:02 GMT',
34 silly get     via: '1.1 varnish',
34 silly get     age: '0',
34 silly get     connection: 'keep-alive',
34 silly get     'x-served-by': 'cache-lcy1124-LCY',
34 silly get     'x-cache': 'HIT',
34 silly get     'x-cache-hits': '1',
34 silly get     'x-timer': 'S1439294642.050526,VS0,VE614',
34 silly get     vary: 'Accept' } ]
35 verbose get saving bower to /Users/mattbooth/.npm/registry.npmjs.org/bower/.cache.json
36 verbose getCacheStat cache creation not in flight; initializing
37 silly addNameRange number 2 { name: 'bower', range: '*', hasData: true }
38 silly addNameRange versions [ 'bower',
38 silly addNameRange   [ '0.1.0',
38 silly addNameRange     '0.1.2',
38 silly addNameRange     '0.1.3',
38 silly addNameRange     '0.2.0',
38 silly addNameRange     '0.3.0',
38 silly addNameRange     '0.3.1',
38 silly addNameRange     '0.3.2',
38 silly addNameRange     '0.4.0',
38 silly addNameRange     '0.5.0',
38 silly addNameRange     '0.5.1',
38 silly addNameRange     '0.6.0',
38 silly addNameRange     '0.6.1',
38 silly addNameRange     '0.6.2',
38 silly addNameRange     '0.6.3',
38 silly addNameRange     '0.6.4',
38 silly addNameRange     '0.6.5',
38 silly addNameRange     '0.6.6',
38 silly addNameRange     '0.6.7',
38 silly addNameRange     '0.6.8',
38 silly addNameRange     '0.7.0',
38 silly addNameRange     '0.7.1',
38 silly addNameRange     '0.8.0',
38 silly addNameRange     '0.8.1',
38 silly addNameRange     '0.8.2',
38 silly addNameRange     '0.8.3',
38 silly addNameRange     '0.8.4',
38 silly addNameRange     '0.8.5',
38 silly addNameRange     '0.8.6',
38 silly addNameRange     '0.9.0',
38 silly addNameRange     '0.9.1',
38 silly addNameRange     '0.9.2',
38 silly addNameRange     '0.10.0',
38 silly addNameRange     '1.0.0',
38 silly addNameRange     '1.0.1',
38 silly addNameRange     '1.0.2',
38 silly addNameRange     '1.0.3',
38 silly addNameRange     '1.1.0',
38 silly addNameRange     '1.1.1',
38 silly addNameRange     '1.1.2',
38 silly addNameRange     '1.2.0',
38 silly addNameRange     '1.2.1',
38 silly addNameRange     '1.2.2',
38 silly addNameRange     '1.2.3',
38 silly addNameRange     '1.2.4',
38 silly addNameRange     '1.2.5',
38 silly addNameRange     '1.2.6',
38 silly addNameRange     '1.2.7',
38 silly addNameRange     '1.2.8',
38 silly addNameRange     '1.3.0',
38 silly addNameRange     '1.3.1',
38 silly addNameRange     '1.3.2',
38 silly addNameRange     '1.3.3',
38 silly addNameRange     '1.3.4',
38 silly addNameRange     '1.3.5',
38 silly addNameRange     '1.3.6',
38 silly addNameRange     '1.3.7',
38 silly addNameRange     '1.3.8',
38 silly addNameRange     '1.3.9',
38 silly addNameRange     '1.3.10',
38 silly addNameRange     '1.3.11',
38 silly addNameRange     '1.3.12',
38 silly addNameRange     '1.4.0',
38 silly addNameRange     '1.4.1' ] ]
39 silly addNamed bower@1.4.1
40 verbose addNamed "1.4.1" is a plain semver version for bower
41 silly addNameRange number 2 { name: 'bower', range: '*', hasData: true }
42 silly addNameRange versions [ 'bower',
42 silly addNameRange   [ '0.1.0',
42 silly addNameRange     '0.1.2',
42 silly addNameRange     '0.1.3',
42 silly addNameRange     '0.2.0',
42 silly addNameRange     '0.3.0',
42 silly addNameRange     '0.3.1',
42 silly addNameRange     '0.3.2',
42 silly addNameRange     '0.4.0',
42 silly addNameRange     '0.5.0',
42 silly addNameRange     '0.5.1',
42 silly addNameRange     '0.6.0',
42 silly addNameRange     '0.6.1',
42 silly addNameRange     '0.6.2',
42 silly addNameRange     '0.6.3',
42 silly addNameRange     '0.6.4',
42 silly addNameRange     '0.6.5',
42 silly addNameRange     '0.6.6',
42 silly addNameRange     '0.6.7',
42 silly addNameRange     '0.6.8',
42 silly addNameRange     '0.7.0',
42 silly addNameRange     '0.7.1',
42 silly addNameRange     '0.8.0',
42 silly addNameRange     '0.8.1',
42 silly addNameRange     '0.8.2',
42 silly addNameRange     '0.8.3',
42 silly addNameRange     '0.8.4',
42 silly addNameRange     '0.8.5',
42 silly addNameRange     '0.8.6',
42 silly addNameRange     '0.9.0',
42 silly addNameRange     '0.9.1',
42 silly addNameRange     '0.9.2',
42 silly addNameRange     '0.10.0',
42 silly addNameRange     '1.0.0',
42 silly addNameRange     '1.0.1',
42 silly addNameRange     '1.0.2',
42 silly addNameRange     '1.0.3',
42 silly addNameRange     '1.1.0',
42 silly addNameRange     '1.1.1',
42 silly addNameRange     '1.1.2',
42 silly addNameRange     '1.2.0',
42 silly addNameRange     '1.2.1',
42 silly addNameRange     '1.2.2',
42 silly addNameRange     '1.2.3',
42 silly addNameRange     '1.2.4',
42 silly addNameRange     '1.2.5',
42 silly addNameRange     '1.2.6',
42 silly addNameRange     '1.2.7',
42 silly addNameRange     '1.2.8',
42 silly addNameRange     '1.3.0',
42 silly addNameRange     '1.3.1',
42 silly addNameRange     '1.3.2',
42 silly addNameRange     '1.3.3',
42 silly addNameRange     '1.3.4',
42 silly addNameRange     '1.3.5',
42 silly addNameRange     '1.3.6',
42 silly addNameRange     '1.3.7',
42 silly addNameRange     '1.3.8',
42 silly addNameRange     '1.3.9',
42 silly addNameRange     '1.3.10',
42 silly addNameRange     '1.3.11',
42 silly addNameRange     '1.3.12',
42 silly addNameRange     '1.4.0',
42 silly addNameRange     '1.4.1' ] ]
43 silly addNamed bower@1.4.1
44 verbose addNamed "1.4.1" is a plain semver version for bower
45 silly mapToRegistry name bower
46 silly mapToRegistry using default registry
47 silly mapToRegistry registry https://registry.npmjs.org/
48 silly mapToRegistry uri https://registry.npmjs.org/bower
49 verbose addRemoteTarball https://registry.npmjs.org/bower/-/bower-1.4.1.tgz not in flight; adding
50 verbose addRemoteTarball [ 'https://registry.npmjs.org/bower/-/bower-1.4.1.tgz',
50 verbose addRemoteTarball   'a18be39d030792754f30f1c5b32d37b0156ba8dd' ]
51 silly mapToRegistry name bower
52 silly mapToRegistry using default registry
53 silly mapToRegistry registry https://registry.npmjs.org/
54 silly mapToRegistry uri https://registry.npmjs.org/bower
55 verbose addRemoteTarball https://registry.npmjs.org/bower/-/bower-1.4.1.tgz already in flight; waiting
56 info retry fetch attempt 1 at 1:04:02 PM
57 info attempt registry request try #1 at 1:04:02 PM
58 http fetch GET https://registry.npmjs.org/bower/-/bower-1.4.1.tgz
59 http fetch 200 https://registry.npmjs.org/bower/-/bower-1.4.1.tgz
60 silly fetchAndShaCheck shasum a18be39d030792754f30f1c5b32d37b0156ba8dd
61 verbose addTmpTarball /var/folders/8d/4xzcp9410yg16m64z0qqynsc0000gn/T/npm-2542-1a21d41f/registry.npmjs.org/bower/-/bower-1.4.1.tgz not in flight; adding
62 verbose addTmpTarball already have metadata; skipping unpack for bower@1.4.1
63 silly cache afterAdd bower@1.4.1
64 verbose afterAdd /Users/mattbooth/.npm/bower/1.4.1/package/package.json not in flight; writing
65 silly cache afterAdd bower@1.4.1
66 verbose afterAdd /Users/mattbooth/.npm/bower/1.4.1/package/package.json already in flight; not writing
67 verbose afterAdd /Users/mattbooth/.npm/bower/1.4.1/package/package.json written
68 silly install resolved [ { name: 'bower',
68 silly install resolved     version: '1.4.1',
68 silly install resolved     description: 'The browser package manager',
68 silly install resolved     author: { name: 'Twitter' },
68 silly install resolved     licenses: [ [Object] ],
68 silly install resolved     repository: { type: 'git', url: 'https://github.com/bower/bower' },
68 silly install resolved     main: 'lib',
68 silly install resolved     homepage: 'http://bower.io',
68 silly install resolved     engines: { node: '>=0.10.0' },
68 silly install resolved     dependencies:
68 silly install resolved      { abbrev: '^1.0.5',
68 silly install resolved        archy: '1.0.0',
68 silly install resolved        'bower-config': '^0.6.1',
68 silly install resolved        'bower-endpoint-parser': '^0.2.2',
68 silly install resolved        'bower-json': '^0.4.0',
68 silly install resolved        'bower-logger': '^0.2.2',
68 silly install resolved        'bower-registry-client': '^0.3.0',
68 silly install resolved        cardinal: '0.4.4',
68 silly install resolved        chalk: '^1.0.0',
68 silly install resolved        chmodr: '0.1.0',
68 silly install resolved        configstore: '^0.3.2',
68 silly install resolved        'decompress-zip': '^0.1.0',
68 silly install resolved        fstream: '^1.0.3',
68 silly install resolved        'fstream-ignore': '^1.0.2',
68 silly install resolved        github: '^0.2.3',
68 silly install resolved        glob: '^4.3.2',
68 silly install resolved        'graceful-fs': '^3.0.5',
68 silly install resolved        handlebars: '^2.0.0',
68 silly install resolved        inquirer: '0.8.0',
68 silly install resolved        insight: '^0.5.0',
68 silly install resolved        'is-root': '^1.0.0',
68 silly install resolved        junk: '^1.0.0',
68 silly install resolved        lockfile: '^1.0.0',
68 silly install resolved        'lru-cache': '^2.5.0',
68 silly install resolved        mkdirp: '0.5.0',
68 silly install resolved        mout: '^0.11.0',
68 silly install resolved        nopt: '^3.0.1',
68 silly install resolved        opn: '^1.0.1',
68 silly install resolved        'p-throttler': '0.1.1',
68 silly install resolved        promptly: '0.2.0',
68 silly install resolved        q: '^1.1.2',
68 silly install resolved        request: '2.53.0',
68 silly install resolved        'request-progress': '0.3.1',
68 silly install resolved        retry: '0.6.1',
68 silly install resolved        rimraf: '^2.2.8',
68 silly install resolved        semver: '^2.3.0',
68 silly install resolved        'shell-quote': '^1.4.2',
68 silly install resolved        'stringify-object': '^1.0.0',
68 silly install resolved        'tar-fs': '^1.4.1',
68 silly install resolved        tmp: '0.0.24',
68 silly install resolved        'update-notifier': '^0.3.0',
68 silly install resolved        'user-home': '^1.1.0',
68 silly install resolved        which: '^1.0.8' },
68 silly install resolved     devDependencies:
68 silly install resolved      { chai: '^1.10.0',
68 silly install resolved        coveralls: '^2.11.2',
68 silly install resolved        'expect.js': '^0.3.1',
68 silly install resolved        grunt: '^0.4.5',
68 silly install resolved        'grunt-cli': '^0.1.13',
68 silly install resolved        'grunt-contrib-jshint': '^0.10.0',
68 silly install resolved        'grunt-contrib-watch': '^0.6.1',
68 silly install resolved        'grunt-exec': '^0.4.6',
68 silly install resolved        'grunt-simple-mocha': '^0.4.0',
68 silly install resolved        istanbul: '^0.3.5',
68 silly install resolved        'load-grunt-tasks': '^2.0.0',
68 silly install resolved        mocha: '^2.1.0',
68 silly install resolved        multiline: '^1.0.2',
68 silly install resolved        nock: '^0.56.0',
68 silly install resolved        'node-uuid': '^1.4.2',
68 silly install resolved        proxyquire: '^1.3.0',
68 silly install resolved        'spawn-sync': '^1.0.5' },
68 silly install resolved     scripts: { test: 'grunt test' },
68 silly install resolved     bin: { bower: 'bin/bower' },
68 silly install resolved     preferGlobal: true,
68 silly install resolved     gitHead: 'a1287416d40f944d58cb8f2e774e2076bfffd32f',
68 silly install resolved     bugs: { url: 'https://github.com/bower/bower/issues' },
68 silly install resolved     _id: 'bower@1.4.1',
68 silly install resolved     _shasum: 'a18be39d030792754f30f1c5b32d37b0156ba8dd',
68 silly install resolved     _from: 'bower@*',
68 silly install resolved     _npmVersion: '2.7.4',
68 silly install resolved     _nodeVersion: '0.12.0',
68 silly install resolved     _npmUser: { name: 'sheerun', email: 'sheerun@sher.pl' },
68 silly install resolved     maintainers: [ [Object], [Object], [Object], [Object], [Object], [Object] ],
68 silly install resolved     dist:
68 silly install resolved      { shasum: 'a18be39d030792754f30f1c5b32d37b0156ba8dd',
68 silly install resolved        tarball: 'http://registry.npmjs.org/bower/-/bower-1.4.1.tgz' },
68 silly install resolved     directories: {},
68 silly install resolved     _resolved: 'https://registry.npmjs.org/bower/-/bower-1.4.1.tgz' },
68 silly install resolved   { name: 'bower',
68 silly install resolved     version: '1.4.1',
68 silly install resolved     description: 'The browser package manager',
68 silly install resolved     author: { name: 'Twitter' },
68 silly install resolved     licenses: [ [Object] ],
68 silly install resolved     repository: { type: 'git', url: 'https://github.com/bower/bower' },
68 silly install resolved     main: 'lib',
68 silly install resolved     homepage: 'http://bower.io',
68 silly install resolved     engines: { node: '>=0.10.0' },
68 silly install resolved     dependencies:
68 silly install resolved      { abbrev: '^1.0.5',
68 silly install resolved        archy: '1.0.0',
68 silly install resolved        'bower-config': '^0.6.1',
68 silly install resolved        'bower-endpoint-parser': '^0.2.2',
68 silly install resolved        'bower-json': '^0.4.0',
68 silly install resolved        'bower-logger': '^0.2.2',
68 silly install resolved        'bower-registry-client': '^0.3.0',
68 silly install resolved        cardinal: '0.4.4',
68 silly install resolved        chalk: '^1.0.0',
68 silly install resolved        chmodr: '0.1.0',
68 silly install resolved        configstore: '^0.3.2',
68 silly install resolved        'decompress-zip': '^0.1.0',
68 silly install resolved        fstream: '^1.0.3',
68 silly install resolved        'fstream-ignore': '^1.0.2',
68 silly install resolved        github: '^0.2.3',
68 silly install resolved        glob: '^4.3.2',
68 silly install resolved        'graceful-fs': '^3.0.5',
68 silly install resolved        handlebars: '^2.0.0',
68 silly install resolved        inquirer: '0.8.0',
68 silly install resolved        insight: '^0.5.0',
68 silly install resolved        'is-root': '^1.0.0',
68 silly install resolved        junk: '^1.0.0',
68 silly install resolved        lockfile: '^1.0.0',
68 silly install resolved        'lru-cache': '^2.5.0',
68 silly install resolved        mkdirp: '0.5.0',
68 silly install resolved        mout: '^0.11.0',
68 silly install resolved        nopt: '^3.0.1',
68 silly install resolved        opn: '^1.0.1',
68 silly install resolved        'p-throttler': '0.1.1',
68 silly install resolved        promptly: '0.2.0',
68 silly install resolved        q: '^1.1.2',
68 silly install resolved        request: '2.53.0',
68 silly install resolved        'request-progress': '0.3.1',
68 silly install resolved        retry: '0.6.1',
68 silly install resolved        rimraf: '^2.2.8',
68 silly install resolved        semver: '^2.3.0',
68 silly install resolved        'shell-quote': '^1.4.2',
68 silly install resolved        'stringify-object': '^1.0.0',
68 silly install resolved        'tar-fs': '^1.4.1',
68 silly install resolved        tmp: '0.0.24',
68 silly install resolved        'update-notifier': '^0.3.0',
68 silly install resolved        'user-home': '^1.1.0',
68 silly install resolved        which: '^1.0.8' },
68 silly install resolved     devDependencies:
68 silly install resolved      { chai: '^1.10.0',
68 silly install resolved        coveralls: '^2.11.2',
68 silly install resolved        'expect.js': '^0.3.1',
68 silly install resolved        grunt: '^0.4.5',
68 silly install resolved        'grunt-cli': '^0.1.13',
68 silly install resolved        'grunt-contrib-jshint': '^0.10.0',
68 silly install resolved        'grunt-contrib-watch': '^0.6.1',
68 silly install resolved        'grunt-exec': '^0.4.6',
68 silly install resolved        'grunt-simple-mocha': '^0.4.0',
68 silly install resolved        istanbul: '^0.3.5',
68 silly install resolved        'load-grunt-tasks': '^2.0.0',
68 silly install resolved        mocha: '^2.1.0',
68 silly install resolved        multiline: '^1.0.2',
68 silly install resolved        nock: '^0.56.0',
68 silly install resolved        'node-uuid': '^1.4.2',
68 silly install resolved        proxyquire: '^1.3.0',
68 silly install resolved        'spawn-sync': '^1.0.5' },
68 silly install resolved     scripts: { test: 'grunt test' },
68 silly install resolved     bin: { bower: 'bin/bower' },
68 silly install resolved     preferGlobal: true,
68 silly install resolved     gitHead: 'a1287416d40f944d58cb8f2e774e2076bfffd32f',
68 silly install resolved     bugs: { url: 'https://github.com/bower/bower/issues' },
68 silly install resolved     _id: 'bower@1.4.1',
68 silly install resolved     _shasum: 'a18be39d030792754f30f1c5b32d37b0156ba8dd',
68 silly install resolved     _from: 'bower@*',
68 silly install resolved     _npmVersion: '2.7.4',
68 silly install resolved     _nodeVersion: '0.12.0',
68 silly install resolved     _npmUser: { name: 'sheerun', email: 'sheerun@sher.pl' },
68 silly install resolved     maintainers: [ [Object], [Object], [Object], [Object], [Object], [Object] ],
68 silly install resolved     dist:
68 silly install resolved      { shasum: 'a18be39d030792754f30f1c5b32d37b0156ba8dd',
68 silly install resolved        tarball: 'http://registry.npmjs.org/bower/-/bower-1.4.1.tgz' },
68 silly install resolved     directories: {},
68 silly install resolved     _resolved: 'https://registry.npmjs.org/bower/-/bower-1.4.1.tgz' } ]
69 info install bower@1.4.1 into /usr/local/lib
70 info install bower@1.4.1 into /usr/local/lib
71 info installOne bower@1.4.1
72 verbose installOne of bower to /usr/local/lib not in flight; installing
73 info installOne bower@1.4.1
74 verbose installOne of bower to /usr/local/lib already in flight; waiting
75 verbose lock using /Users/mattbooth/.npm/_locks/bower-e8debc5417026b57.lock for /usr/local/lib/node_modules/bower
76 silly install write writing bower 1.4.1 to /usr/local/lib/node_modules/bower
77 verbose unbuild lib/node_modules/bower
78 silly gentlyRm /usr/local/lib/node_modules/bower is being purged from base /usr/local
79 verbose gentlyRm don't care about contents; nuking /usr/local/lib/node_modules/bower
80 verbose tar unpack /Users/mattbooth/.npm/bower/1.4.1/package.tgz
81 verbose tar unpacking to /usr/local/lib/node_modules/bower
82 silly gentlyRm /usr/local/lib/node_modules/bower is being purged
83 verbose gentlyRm don't care about contents; nuking /usr/local/lib/node_modules/bower
84 silly gunzTarPerm modes [ '755', '644' ]
85 error tar.unpack untar error /Users/mattbooth/.npm/bower/1.4.1/package.tgz
86 verbose unlock done using /Users/mattbooth/.npm/_locks/bower-e8debc5417026b57.lock for /usr/local/lib/node_modules/bower
87 verbose fstream_path /usr/local/lib/node_modules/bower
88 verbose fstream_type Directory
89 verbose fstream_class DirWriter
90 verbose stack Error: EACCES, mkdir '/usr/local/lib/node_modules/bower'
90 verbose stack     at Error (native)
91 verbose fstream_stack /usr/local/lib/node_modules/npm/node_modules/fstream/lib/dir-writer.js:35:25
91 verbose fstream_stack /usr/local/lib/node_modules/npm/node_modules/mkdirp/index.js:47:53
91 verbose fstream_stack FSReqWrap.oncomplete (fs.js:95:15)
92 verbose cwd /Users/mattbooth/Sites/executive-care
93 error Darwin 14.4.0
94 error argv "node" "/usr/local/bin/npm" "install" "bower" "-g" "bower"
95 error node v0.12.7
96 error npm  v2.11.3
97 error path /usr/local/lib/node_modules/bower
98 error code EACCES
99 error errno -13
100 error Error: EACCES, mkdir '/usr/local/lib/node_modules/bower'
100 error     at Error (native)
100 error  { [Error: EACCES, mkdir '/usr/local/lib/node_modules/bower']
100 error   errno: -13,
100 error   code: 'EACCES',
100 error   path: '/usr/local/lib/node_modules/bower',
100 error   fstream_type: 'Directory',
100 error   fstream_path: '/usr/local/lib/node_modules/bower',
100 error   fstream_class: 'DirWriter',
100 error   fstream_stack:
100 error    [ '/usr/local/lib/node_modules/npm/node_modules/fstream/lib/dir-writer.js:35:25',
100 error      '/usr/local/lib/node_modules/npm/node_modules/mkdirp/index.js:47:53',
100 error      'FSReqWrap.oncomplete (fs.js:95:15)' ] }
101 error Please try running this command again as root/Administrator.
102 verbose exit [ -13, true ]
103 verbose unbuild lib/node_modules/bower
104 silly gentlyRm /usr/local/lib/node_modules/bower is being purged from base /usr/local
105 verbose gentlyRm don't care about contents; nuking /usr/local/lib/node_modules/bower
